[1533979830.824][INFO]: COMMAND InitSession {
   "capabilities": {
      "desiredCapabilities": {
         "browserName": "chrome",
         "loggingPrefs": {
            "browser": "ALL"
         },
         "platform": "ANY",
         "version": ""
      },
      "firstMatch": [ {
         "browserName": "chrome"
      } ]
   },
   "desiredCapabilities": {
      "browserName": "chrome",
      "loggingPrefs": {
         "browser": "ALL"
      },
      "platform": "ANY",
      "version": ""
   }
}
[1533979830.832][INFO]: Populating Preferences file: {
   "alternate_error_pages": {
      "enabled": false
   },
   "autofill": {
      "enabled": false
   },
   "browser": {
      "check_default_browser": false
   },
   "distribution": {
      "import_bookmarks": false,
      "import_history": false,
      "import_search_engine": false,
      "make_chrome_default_for_user": false,
      "skip_first_run_ui": true
   },
   "dns_prefetching": {
      "enabled": false
   },
   "profile": {
      "content_settings": {
         "pattern_pairs": {
            "https://*,*": {
               "media-stream": {
                  "audio": "Default",
                  "video": "Default"
               }
            }
         }
      },
      "default_content_setting_values": {
         "geolocation": 1
      },
      "default_content_settings": {
         "geolocation": 1,
         "mouselock": 1,
         "notifications": 1,
         "popups": 1,
         "ppapi-broker": 1
      },
      "password_manager_enabled": false
   },
   "safebrowsing": {
      "enabled": false
   },
   "search": {
      "suggest_enabled": false
   },
   "translate": {
      "enabled": false
   }
}
[1533979830.835][INFO]: Populating Local State file: {
   "background_mode": {
      "enabled": false
   },
   "ssl": {
      "rev_checking": {
         "enabled": false
      }
   }
}
[1533979830.846][INFO]: Launching chrome: "C:\Program Files (x86)\Google\Chrome\Application\chrome.exe" --disable-background-networking --disable-client-side-phishing-detection --disable-default-apps --disable-hang-monitor --disable-popup-blocking --disable-prompt-on-repost --disable-sync --disable-web-resources --enable-automation --enable-logging --force-fieldtrials=SiteIsolationExtensions/Control --ignore-certificate-errors --load-extension="C:\Users\User\AppData\Local\Temp\scoped_dir7192_12848\internal" --log-level=0 --metrics-recording-only --no-first-run --password-store=basic --remote-debugging-port=12802 --test-type=webdriver --use-mock-keychain --user-data-dir="C:\Users\User\AppData\Local\Temp\scoped_dir7192_13660" data:,
[1533979831.338][INFO]: resolved localhost to ["::1","127.0.0.1"]
[1533979832.357][INFO]: RESPONSE InitSession {
   "acceptInsecureCerts": false,
   "acceptSslCerts": false,
   "applicationCacheEnabled": false,
   "browserConnectionEnabled": false,
   "browserName": "chrome",
   "chrome": {
      "chromedriverVersion": "2.38.552522 (437e6fbedfa8762dec75e2c5b3ddb86763dc9dcb)",
      "userDataDir": "C:\\Users\\User\\AppData\\Local\\Temp\\scoped_dir7192_13660"
   },
   "cssSelectorsEnabled": true,
   "databaseEnabled": false,
   "handlesAlerts": true,
   "hasTouchScreen": false,
   "javascriptEnabled": true,
   "locationContextEnabled": true,
   "mobileEmulationEnabled": false,
   "nativeEvents": true,
   "networkConnectionEnabled": false,
   "pageLoadStrategy": "normal",
   "platform": "Windows NT",
   "rotatable": false,
   "setWindowRect": true,
   "~~~": "..."
}
[1533979832.368][INFO]: COMMAND SetTimeout {
   "ms": 10000,
   "type": "implicit"
}
[1533979832.368][INFO]: RESPONSE SetTimeout
[1533979832.374][INFO]: COMMAND MaximizeWindow {
   "handle": "current",
   "windowHandle": "current"
}
[1533979832.375][INFO]: resolved localhost to ["::1","127.0.0.1"]
[1533979833.541][INFO]: RESPONSE MaximizeWindow
[1533979833.548][INFO]: COMMAND Navigate {
   "url": "http://knickerbocker-hotel-new-york.nochi.com/?btest=119"
}
[1533979833.548][INFO]: Waiting for pending navigations...
[1533979833.560][INFO]: Done waiting for pending navigations. Status: ok
[1533979834.185][INFO]: Waiting for pending navigations...
[1533979841.863][INFO]: Done waiting for pending navigations. Status: ok
[1533979841.863][INFO]: RESPONSE Navigate
[1533979841.881][INFO]: COMMAND FindElement {
   "using": "xpath",
   "value": "(.//*[normalize-space(text()) and normalize-space(.)='сб'])[2]/following::a[1]"
}
[1533979841.881][INFO]: Waiting for pending navigations...
[1533979841.882][INFO]: Done waiting for pending navigations. Status: ok
[1533979841.910][INFO]: Waiting for pending navigations...
[1533979841.914][INFO]: Done waiting for pending navigations. Status: ok
[1533979841.914][INFO]: RESPONSE FindElement {
   "ELEMENT": "0.19411304001753527-1"
}
[1533979841.920][INFO]: COMMAND ClickElement {
   "id": "0.19411304001753527-1"
}
[1533979841.920][INFO]: Waiting for pending navigations...
[1533979841.922][INFO]: Done waiting for pending navigations. Status: ok
[1533979842.002][INFO]: Waiting for pending navigations...
[1533979842.008][INFO]: Done waiting for pending navigations. Status: ok
[1533979842.008][INFO]: RESPONSE ClickElement
[1533979842.513][INFO]: COMMAND Screenshot {

}
[1533979842.513][INFO]: Waiting for pending navigations...
[1533979842.515][INFO]: Done waiting for pending navigations. Status: ok
[1533979842.892][INFO]: Waiting for pending navigations...
[1533979842.898][INFO]: Done waiting for pending navigations. Status: ok
[1533979842.898][INFO]: RESPONSE Screenshot "iVBORw0KGgoAAAANSUhEUgAABpAAAAOECAYAAACmXHLrAAAgAElEQVR4nOzde1zW9f3/8cfFpRceIA+YCqWQFmqBsyAT1oJO4EqzSW1BvyXWhh3EDrSVti1tS+u7yApb5Q5iW9JBaAstpRPUJlZSFmwJS0MrUAdqoSmXKL8/ruuCz+c6AQoJ+Lzfbtzg+hze7/fny..."
[1533979843.978][INFO]: COMMAND FindElement {
   "using": "xpath",
   "value": "(//a[contains(@href, '#facilities')])[2]"
}
[1533979843.978][INFO]: Waiting for pending navigations...
[1533979843.979][INFO]: Done waiting for pending navigations. Status: ok
[1533979844.004][INFO]: Waiting for pending navigations...
[1533979844.006][INFO]: Done waiting for pending navigations. Status: ok
[1533979844.006][INFO]: RESPONSE FindElement {
   "ELEMENT": "0.19411304001753527-2"
}
[1533979844.011][INFO]: COMMAND ClickElement {
   "id": "0.19411304001753527-2"
}
[1533979844.011][INFO]: Waiting for pending navigations...
[1533979844.013][INFO]: Done waiting for pending navigations. Status: ok
[1533979844.084][INFO]: Waiting for pending navigations...
[1533979844.086][INFO]: Done waiting for pending navigations. Status: ok
[1533979844.086][INFO]: RESPONSE ClickElement
[1533979844.089][INFO]: COMMAND Screenshot {

}
[1533979844.089][INFO]: Waiting for pending navigations...
[1533979844.089][INFO]: Done waiting for pending navigations. Status: ok
[1533979844.467][INFO]: Waiting for pending navigations...
[1533979844.474][INFO]: Done waiting for pending navigations. Status: ok
[1533979844.474][INFO]: RESPONSE Screenshot "iVBORw0KGgoAAAANSUhEUgAABpAAAAOECAYAAACmXHLrAAAgAElEQVR4nOzdf1xUdb748RfnjAMiqAjKD38M/gJUIAJ1wUzIXDB/ZIla2Ka4P2j7Jq2bu3dz996tdr+37LtLuVf3Vu7eVeumZUGZaEq2QpaYG2rCKmIaoIIoCAgmMMh8/5gZOPMLxrI19f18POahM..."
[1533979844.519][INFO]: COMMAND FindElement {
   "using": "xpath",
   "value": "(.//*[normalize-space(text()) and normalize-space(.)='Удобства'])[3]/following::a[1]"
}
[1533979844.519][INFO]: Waiting for pending navigations...
[1533979844.530][INFO]: Done waiting for pending navigations. Status: ok
[1533979844.555][INFO]: Waiting for pending navigations...
[1533979844.556][INFO]: Done waiting for pending navigations. Status: ok
[1533979844.556][INFO]: RESPONSE FindElement {
   "ELEMENT": "0.19411304001753527-3"
}
[1533979844.561][INFO]: COMMAND ClickElement {
   "id": "0.19411304001753527-3"
}
[1533979844.561][INFO]: Waiting for pending navigations...
[1533979844.562][INFO]: Done waiting for pending navigations. Status: ok
[1533979844.637][INFO]: Waiting for pending navigations...
[1533979844.639][INFO]: Done waiting for pending navigations. Status: ok
[1533979844.639][INFO]: RESPONSE ClickElement
[1533979844.642][INFO]: COMMAND Screenshot {

}
[1533979844.642][INFO]: Waiting for pending navigations...
[1533979844.643][INFO]: Done waiting for pending navigations. Status: ok
[1533979845.060][INFO]: Waiting for pending navigations...
[1533979845.068][INFO]: Done waiting for pending navigations. Status: ok
[1533979845.069][INFO]: RESPONSE Screenshot "iVBORw0KGgoAAAANSUhEUgAABpAAAAOECAYAAACmXHLrAAAgAElEQVR4nOzde3xU1b3//9feezITJFEgFEysJKIG1ESxsZagNbFaQAWxxLYG2xL6rWgrsWr8VlG/VTwt2Eu8FGgVeyS01djWxCrxKLGXpL+WeCypl3BU4tEGbROhAdEEyEwmM78/5rZnMpMbQULyf..."
[1533979845.106][INFO]: COMMAND FindElement {
   "using": "xpath",
   "value": "(.//*[normalize-space(text()) and normalize-space(.)='Номера'])[3]/following::a[1]"
}
[1533979845.106][INFO]: Waiting for pending navigations...
[1533979845.111][INFO]: Done waiting for pending navigations. Status: ok
[1533979845.133][INFO]: Waiting for pending navigations...
[1533979845.135][INFO]: Done waiting for pending navigations. Status: ok
[1533979845.135][INFO]: RESPONSE FindElement {
   "ELEMENT": "0.19411304001753527-4"
}
[1533979845.140][INFO]: COMMAND ClickElement {
   "id": "0.19411304001753527-4"
}
[1533979845.140][INFO]: Waiting for pending navigations...
[1533979845.144][INFO]: Done waiting for pending navigations. Status: ok
[1533979845.224][INFO]: Waiting for pending navigations...
[1533979845.309][INFO]: Done waiting for pending navigations. Status: ok
[1533979845.309][INFO]: RESPONSE ClickElement
[1533979845.818][INFO]: COMMAND Screenshot {

}
[1533979845.818][INFO]: Waiting for pending navigations...
[1533979845.820][INFO]: Done waiting for pending navigations. Status: ok
[1533979846.294][INFO]: Waiting for pending navigations...
[1533979846.294][INFO]: Done waiting for pending navigations. Status: ok
[1533979846.295][INFO]: RESPONSE Screenshot "iVBORw0KGgoAAAANSUhEUgAABpAAAAOECAYAAACmXHLrAAAgAElEQVR4nOzde1xUdf7H8RcXBxXwhqlgCqkhtmIaZWIXaFOwhCyxUttWrM1qk7ZiNy9tm9Zu2m6mpXaxLXW3pBtsLZhKmVD9REvShE2lNMQCL6AioDCC/P6Y+zCDqJCK7+fjwUNnzvd8z/ec75kzM..."
[1533979846.352][INFO]: COMMAND FindElement {
   "using": "xpath",
   "value": "(.//*[normalize-space(text()) and normalize-space(.)='Расположение'])[3]/following::a[1]"
}
[1533979846.352][INFO]: Waiting for pending navigations...
[1533979846.353][INFO]: Done waiting for pending navigations. Status: ok
[1533979846.376][INFO]: Waiting for pending navigations...
[1533979846.388][INFO]: Done waiting for pending navigations. Status: ok
[1533979846.388][INFO]: RESPONSE FindElement {
   "ELEMENT": "0.19411304001753527-5"
}
[1533979846.392][INFO]: COMMAND ClickElement {
   "id": "0.19411304001753527-5"
}
[1533979846.392][INFO]: Waiting for pending navigations...
[1533979846.392][INFO]: Done waiting for pending navigations. Status: ok
[1533979846.483][INFO]: Waiting for pending navigations...
[1533979846.484][INFO]: Done waiting for pending navigations. Status: ok
[1533979846.484][INFO]: RESPONSE ClickElement
[1533979846.988][INFO]: COMMAND Screenshot {

}
[1533979846.989][INFO]: Waiting for pending navigations...
[1533979846.992][INFO]: Done waiting for pending navigations. Status: ok
[1533979847.362][INFO]: Waiting for pending navigations...
[1533979847.366][INFO]: Done waiting for pending navigations. Status: ok
[1533979847.366][INFO]: RESPONSE Screenshot "iVBORw0KGgoAAAANSUhEUgAABpAAAAOECAYAAACmXHLrAAAgAElEQVR4nOzdd3iUZd728XNaekJIQiiBEHoVQgfpiIKKIHZdFURULKir7iOuq+8+q2vZddVnLeiua18BCy6rqCgiClJDCL2F3gKEJJS0mcnM+0eYYWoKpJDk+zkODjJ3ue5r5p6ZTO5zftdlcDqdT..."
[1533979847.390][INFO]: COMMAND ExecuteScript {
   "args": [  ],
   "script": "scroll(0,400)"
}
[1533979847.390][INFO]: Waiting for pending navigations...
[1533979847.392][INFO]: Done waiting for pending navigations. Status: ok
[1533979847.395][INFO]: Waiting for pending navigations...
[1533979847.395][INFO]: Done waiting for pending navigations. Status: ok
[1533979847.395][INFO]: RESPONSE ExecuteScript
[1533979847.399][INFO]: COMMAND FindElement {
   "using": "xpath",
   "value": "(.//*[normalize-space(text()) and normalize-space(.)='Дата заезда'])[1]/following::span[3]"
}
[1533979847.399][INFO]: Waiting for pending navigations...
[1533979847.400][INFO]: Done waiting for pending navigations. Status: ok
[1533979847.449][INFO]: Waiting for pending navigations...
[1533979847.458][INFO]: Done waiting for pending navigations. Status: ok
[1533979847.458][INFO]: RESPONSE FindElement {
   "ELEMENT": "0.19411304001753527-6"
}
[1533979847.462][INFO]: COMMAND ClickElement {
   "id": "0.19411304001753527-6"
}
[1533979847.462][INFO]: Waiting for pending navigations...
[1533979847.477][INFO]: Done waiting for pending navigations. Status: ok
[1533979847.676][INFO]: Waiting for pending navigations...
[1533979847.709][INFO]: Done waiting for pending navigations. Status: ok
[1533979847.709][INFO]: RESPONSE ClickElement
[1533979847.716][INFO]: COMMAND FindElement {
   "using": "css selector",
   "value": "svg.svg-icon.svg-icon-calendar-arrow.arrow-next"
}
[1533979847.716][INFO]: Waiting for pending navigations...
[1533979847.726][INFO]: Done waiting for pending navigations. Status: ok
[1533979847.760][INFO]: Waiting for pending navigations...
[1533979847.770][INFO]: Done waiting for pending navigations. Status: ok
[1533979847.770][INFO]: RESPONSE FindElement {
   "ELEMENT": "0.19411304001753527-7"
}
[1533979847.778][INFO]: COMMAND ClickElement {
   "id": "0.19411304001753527-7"
}
[1533979847.778][INFO]: Waiting for pending navigations...
[1533979847.791][INFO]: Done waiting for pending navigations. Status: ok
[1533979847.979][INFO]: Waiting for pending navigations...
[1533979847.999][INFO]: Done waiting for pending navigations. Status: ok
[1533979847.999][INFO]: RESPONSE ClickElement
[1533979848.006][INFO]: COMMAND FindElement {
   "using": "css selector",
   "value": "svg.svg-icon.svg-icon-calendar-arrow.arrow-next"
}
[1533979848.006][INFO]: Waiting for pending navigations...
[1533979848.009][INFO]: Done waiting for pending navigations. Status: ok
[1533979848.019][INFO]: Waiting for pending navigations...
[1533979848.019][INFO]: Done waiting for pending navigations. Status: ok
[1533979848.019][INFO]: RESPONSE FindElement {
   "ELEMENT": "0.19411304001753527-7"
}
[1533979848.022][INFO]: COMMAND ClickElement {
   "id": "0.19411304001753527-7"
}
[1533979848.022][INFO]: Waiting for pending navigations...
[1533979848.023][INFO]: Done waiting for pending navigations. Status: ok
[1533979848.070][INFO]: Waiting for pending navigations...
[1533979848.086][INFO]: Done waiting for pending navigations. Status: ok
[1533979848.086][INFO]: RESPONSE ClickElement
[1533979848.092][INFO]: COMMAND FindElement {
   "using": "css selector",
   "value": "svg.svg-icon.svg-icon-calendar-arrow.arrow-next"
}
[1533979848.092][INFO]: Waiting for pending navigations...
[1533979848.094][INFO]: Done waiting for pending navigations. Status: ok
[1533979848.103][INFO]: Waiting for pending navigations...
[1533979848.104][INFO]: Done waiting for pending navigations. Status: ok
[1533979848.104][INFO]: RESPONSE FindElement {
   "ELEMENT": "0.19411304001753527-7"
}
[1533979848.108][INFO]: COMMAND ClickElement {
   "id": "0.19411304001753527-7"
}
[1533979848.108][INFO]: Waiting for pending navigations...
[1533979848.109][INFO]: Done waiting for pending navigations. Status: ok
[1533979848.151][INFO]: Waiting for pending navigations...
[1533979848.170][INFO]: Done waiting for pending navigations. Status: ok
[1533979848.170][INFO]: RESPONSE ClickElement
[1533979848.175][INFO]: COMMAND FindElement {
   "using": "css selector",
   "value": "svg.svg-icon.svg-icon-calendar-arrow.arrow-next"
}
[1533979848.175][INFO]: Waiting for pending navigations...
[1533979848.177][INFO]: Done waiting for pending navigations. Status: ok
[1533979848.183][INFO]: Waiting for pending navigations...
[1533979848.184][INFO]: Done waiting for pending navigations. Status: ok
[1533979848.184][INFO]: RESPONSE FindElement {
   "ELEMENT": "0.19411304001753527-7"
}
[1533979848.187][INFO]: COMMAND ClickElement {
   "id": "0.19411304001753527-7"
}
[1533979848.187][INFO]: Waiting for pending navigations...
[1533979848.188][INFO]: Done waiting for pending navigations. Status: ok
[1533979848.239][INFO]: Waiting for pending navigations...
[1533979848.256][INFO]: Done waiting for pending navigations. Status: ok
[1533979848.256][INFO]: RESPONSE ClickElement
[1533979848.267][INFO]: COMMAND FindElement {
   "using": "xpath",
   "value": "(.//*[normalize-space(text()) and normalize-space(.)='сб'])[2]/following::div[26]"
}
[1533979848.267][INFO]: Waiting for pending navigations...
[1533979848.269][INFO]: Done waiting for pending navigations. Status: ok
[1533979848.293][INFO]: Waiting for pending navigations...
[1533979848.294][INFO]: Done waiting for pending navigations. Status: ok
[1533979848.294][INFO]: RESPONSE FindElement {
   "ELEMENT": "0.19411304001753527-8"
}
[1533979848.297][INFO]: COMMAND ClickElement {
   "id": "0.19411304001753527-8"
}
[1533979848.297][INFO]: Waiting for pending navigations...
[1533979848.298][INFO]: Done waiting for pending navigations. Status: ok
[1533979848.382][INFO]: Waiting for pending navigations...
[1533979848.392][INFO]: Done waiting for pending navigations. Status: ok
[1533979848.392][INFO]: RESPONSE ClickElement
[1533979848.399][INFO]: COMMAND FindElement {
   "using": "xpath",
   "value": "(.//*[normalize-space(text()) and normalize-space(.)='сб'])[2]/following::div[27]"
}
[1533979848.399][INFO]: Waiting for pending navigations...
[1533979848.400][INFO]: Done waiting for pending navigations. Status: ok
[1533979848.421][INFO]: Waiting for pending navigations...
[1533979848.421][INFO]: Done waiting for pending navigations. Status: ok
[1533979848.421][INFO]: RESPONSE FindElement {
   "ELEMENT": "0.19411304001753527-9"
}
[1533979848.424][INFO]: COMMAND ClickElement {
   "id": "0.19411304001753527-9"
}
[1533979848.424][INFO]: Waiting for pending navigations...
[1533979848.425][INFO]: Done waiting for pending navigations. Status: ok
[1533979848.503][INFO]: Waiting for pending navigations...
[1533979848.514][INFO]: Done waiting for pending navigations. Status: ok
[1533979848.514][INFO]: RESPONSE ClickElement
[1533979848.519][INFO]: COMMAND FindElement {
   "using": "xpath",
   "value": "(.//*[normalize-space(text()) and normalize-space(.)='Гости /'])[1]/following::span[2]"
}
[1533979848.519][INFO]: Waiting for pending navigations...
[1533979848.529][INFO]: Done waiting for pending navigations. Status: ok
[1533979848.565][INFO]: Waiting for pending navigations...
[1533979848.569][INFO]: Done waiting for pending navigations. Status: ok
[1533979848.569][INFO]: RESPONSE FindElement {
   "ELEMENT": "0.19411304001753527-10"
}
[1533979848.573][INFO]: COMMAND ClickElement {
   "id": "0.19411304001753527-10"
}
[1533979848.573][INFO]: Waiting for pending navigations...
[1533979848.585][INFO]: Done waiting for pending navigations. Status: ok
[1533979848.709][INFO]: Waiting for pending navigations...
[1533979848.719][INFO]: Done waiting for pending navigations. Status: ok
[1533979848.719][INFO]: RESPONSE ClickElement
[1533979848.724][INFO]: COMMAND FindElement {
   "using": "xpath",
   "value": "(.//*[normalize-space(text()) and normalize-space(.)='Взрослый'])[1]/following::div[4]"
}
[1533979848.724][INFO]: Waiting for pending navigations...
[1533979848.743][INFO]: Done waiting for pending navigations. Status: ok
[1533979848.783][INFO]: Waiting for pending navigations...
[1533979848.787][INFO]: Done waiting for pending navigations. Status: ok
[1533979848.787][INFO]: RESPONSE FindElement {
   "ELEMENT": "0.19411304001753527-11"
}
[1533979848.792][INFO]: COMMAND ClickElement {
   "id": "0.19411304001753527-11"
}
[1533979848.792][INFO]: Waiting for pending navigations...
[1533979848.793][INFO]: Done waiting for pending navigations. Status: ok
[1533979848.908][INFO]: Waiting for pending navigations...
[1533979848.924][INFO]: Done waiting for pending navigations. Status: ok
[1533979848.924][INFO]: RESPONSE ClickElement
[1533979848.929][INFO]: COMMAND FindElement {
   "using": "xpath",
   "value": "(.//*[normalize-space(text()) and normalize-space(.)='Ребенок'])[1]/following::div[4]"
}
[1533979848.929][INFO]: Waiting for pending navigations...
[1533979848.933][INFO]: Done waiting for pending navigations. Status: ok
[1533979848.959][INFO]: Waiting for pending navigations...
[1533979848.959][INFO]: Done waiting for pending navigations. Status: ok
[1533979848.959][INFO]: RESPONSE FindElement {
   "ELEMENT": "0.19411304001753527-12"
}
[1533979848.963][INFO]: COMMAND ClickElement {
   "id": "0.19411304001753527-12"
}
[1533979848.963][INFO]: Waiting for pending navigations...
[1533979848.963][INFO]: Done waiting for pending navigations. Status: ok
[1533979849.032][INFO]: Waiting for pending navigations...
[1533979849.043][INFO]: Done waiting for pending navigations. Status: ok
[1533979849.043][INFO]: RESPONSE ClickElement
[1533979849.048][INFO]: COMMAND FindElement {
   "using": "xpath",
   "value": "(.//*[normalize-space(text()) and normalize-space(.)='Ребенок'])[1]/following::div[4]"
}
[1533979849.048][INFO]: Waiting for pending navigations...
[1533979849.050][INFO]: Done waiting for pending navigations. Status: ok
[1533979849.066][INFO]: Waiting for pending navigations...
[1533979849.094][INFO]: Done waiting for pending navigations. Status: ok
[1533979849.094][INFO]: RESPONSE FindElement {
   "ELEMENT": "0.19411304001753527-12"
}
[1533979849.100][INFO]: COMMAND ClickElement {
   "id": "0.19411304001753527-12"
}
[1533979849.100][INFO]: Waiting for pending navigations...
[1533979849.101][INFO]: Done waiting for pending navigations. Status: ok
[1533979849.146][INFO]: Waiting for pending navigations...
[1533979849.155][INFO]: Done waiting for pending navigations. Status: ok
[1533979849.155][INFO]: RESPONSE ClickElement
[1533979849.162][INFO]: COMMAND FindElement {
   "using": "xpath",
   "value": "(.//*[normalize-space(text()) and normalize-space(.)='Возраст детей'])[1]/following::select[1]"
}
[1533979849.162][INFO]: Waiting for pending navigations...
[1533979849.164][INFO]: Done waiting for pending navigations. Status: ok
[1533979849.188][INFO]: Waiting for pending navigations...
[1533979849.189][INFO]: Done waiting for pending navigations. Status: ok
[1533979849.189][INFO]: RESPONSE FindElement {
   "ELEMENT": "0.19411304001753527-13"
}
[1533979849.194][INFO]: COMMAND FindElement {
   "using": "xpath",
   "value": "(.//*[normalize-space(text()) and normalize-space(.)='Номера и Гости'])[1]/following::span[1]"
}
[1533979849.194][INFO]: Waiting for pending navigations...
[1533979849.194][INFO]: Done waiting for pending navigations. Status: ok
[1533979849.216][INFO]: Waiting for pending navigations...
[1533979849.217][INFO]: Done waiting for pending navigations. Status: ok
[1533979849.217][INFO]: RESPONSE FindElement {
   "ELEMENT": "0.19411304001753527-14"
}
[1533979849.220][INFO]: COMMAND GetElementText {
   "id": "0.19411304001753527-14"
}
[1533979849.220][INFO]: Waiting for pending navigations...
[1533979849.221][INFO]: Done waiting for pending navigations. Status: ok
[1533979849.238][INFO]: Waiting for pending navigations...
[1533979849.239][INFO]: Done waiting for pending navigations. Status: ok
[1533979849.239][INFO]: RESPONSE GetElementText "5"
[1533979849.242][INFO]: COMMAND FindElement {
   "using": "xpath",
   "value": "(.//*[normalize-space(text()) and normalize-space(.)='Гости /'])[1]/following::span[1]"
}
[1533979849.242][INFO]: Waiting for pending navigations...
[1533979849.246][INFO]: Done waiting for pending navigations. Status: ok
[1533979849.268][INFO]: Waiting for pending navigations...
[1533979849.269][INFO]: Done waiting for pending navigations. Status: ok
[1533979849.269][INFO]: RESPONSE FindElement {
   "ELEMENT": "0.19411304001753527-15"
}
[1533979849.271][INFO]: COMMAND GetElementText {
   "id": "0.19411304001753527-15"
}
[1533979849.271][INFO]: Waiting for pending navigations...
[1533979849.272][INFO]: Done waiting for pending navigations. Status: ok
[1533979849.287][INFO]: Waiting for pending navigations...
[1533979849.288][INFO]: Done waiting for pending navigations. Status: ok
[1533979849.288][INFO]: RESPONSE GetElementText "1"
[1533979849.291][INFO]: COMMAND ClickElement {
   "id": "0.19411304001753527-13"
}
[1533979849.291][INFO]: Waiting for pending navigations...
[1533979849.291][INFO]: Done waiting for pending navigations. Status: ok
[1533979849.394][INFO]: Waiting for pending navigations...
[1533979849.396][INFO]: Done waiting for pending navigations. Status: ok
[1533979849.396][INFO]: RESPONSE ClickElement
[1533979849.408][INFO]: COMMAND TypeElement {
   "id": "0.19411304001753527-13",
   "value": [ "" ]
}
[1533979849.408][INFO]: Waiting for pending navigations...
[1533979849.408][INFO]: Done waiting for pending navigations. Status: ok
[1533979849.440][INFO]: Waiting for pending navigations...
[1533979849.446][INFO]: Done waiting for pending navigations. Status: ok
[1533979849.446][INFO]: RESPONSE TypeElement
[1533979849.452][INFO]: COMMAND TypeElement {
   "id": "0.19411304001753527-13",
   "value": [ "" ]
}
[1533979849.452][INFO]: Waiting for pending navigations...
[1533979849.453][INFO]: Done waiting for pending navigations. Status: ok
[1533979849.471][INFO]: Waiting for pending navigations...
[1533979849.478][INFO]: Done waiting for pending navigations. Status: ok
[1533979849.478][INFO]: RESPONSE TypeElement
[1533979849.484][INFO]: COMMAND TypeElement {
   "id": "0.19411304001753527-13",
   "value": [ "" ]
}
[1533979849.484][INFO]: Waiting for pending navigations...
[1533979849.486][INFO]: Done waiting for pending navigations. Status: ok
[1533979849.505][INFO]: Waiting for pending navigations...
[1533979849.506][INFO]: Done waiting for pending navigations. Status: ok
[1533979849.506][INFO]: RESPONSE TypeElement
[1533979849.509][INFO]: COMMAND TypeElement {
   "id": "0.19411304001753527-13",
   "value": [ "" ]
}
[1533979849.509][INFO]: Waiting for pending navigations...
[1533979849.509][INFO]: Done waiting for pending navigations. Status: ok
[1533979849.560][INFO]: Waiting for pending navigations...
[1533979849.561][INFO]: Done waiting for pending navigations. Status: ok
[1533979849.561][INFO]: RESPONSE TypeElement
[1533979849.563][INFO]: COMMAND FindElement {
   "using": "xpath",
   "value": "(.//*[normalize-space(text()) and normalize-space(.)='Возраст детей'])[1]/following::select[2]"
}
[1533979849.564][INFO]: Waiting for pending navigations...
[1533979849.564][INFO]: Done waiting for pending navigations. Status: ok
[1533979849.585][INFO]: Waiting for pending navigations...
[1533979849.592][INFO]: Done waiting for pending navigations. Status: ok
[1533979849.592][INFO]: RESPONSE FindElement {
   "ELEMENT": "0.19411304001753527-16"
}
[1533979849.604][INFO]: COMMAND ClickElement {
   "id": "0.19411304001753527-16"
}
[1533979849.604][INFO]: Waiting for pending navigations...
[1533979849.607][INFO]: Done waiting for pending navigations. Status: ok
[1533979849.745][INFO]: Waiting for pending navigations...
[1533979849.748][INFO]: Done waiting for pending navigations. Status: ok
[1533979849.748][INFO]: RESPONSE ClickElement
[1533979849.753][INFO]: COMMAND TypeElement {
   "id": "0.19411304001753527-16",
   "value": [ "" ]
}
[1533979849.753][INFO]: Waiting for pending navigations...
[1533979849.754][INFO]: Done waiting for pending navigations. Status: ok
[1533979849.783][INFO]: Waiting for pending navigations...
[1533979849.792][INFO]: Done waiting for pending navigations. Status: ok
[1533979849.792][INFO]: RESPONSE TypeElement
[1533979849.797][INFO]: COMMAND TypeElement {
   "id": "0.19411304001753527-16",
   "value": [ "" ]
}
[1533979849.797][INFO]: Waiting for pending navigations...
[1533979849.797][INFO]: Done waiting for pending navigations. Status: ok
[1533979849.816][INFO]: Waiting for pending navigations...
[1533979849.825][INFO]: Done waiting for pending navigations. Status: ok
[1533979849.825][INFO]: RESPONSE TypeElement
[1533979849.830][INFO]: COMMAND TypeElement {
   "id": "0.19411304001753527-16",
   "value": [ "" ]
}
[1533979849.830][INFO]: Waiting for pending navigations...
[1533979849.831][INFO]: Done waiting for pending navigations. Status: ok
[1533979849.866][INFO]: Waiting for pending navigations...
[1533979849.866][INFO]: Done waiting for pending navigations. Status: ok
[1533979849.866][INFO]: RESPONSE TypeElement
[1533979849.872][INFO]: COMMAND TypeElement {
   "id": "0.19411304001753527-16",
   "value": [ "" ]
}
[1533979849.872][INFO]: Waiting for pending navigations...
[1533979849.873][INFO]: Done waiting for pending navigations. Status: ok
[1533979849.893][INFO]: Waiting for pending navigations...
[1533979849.904][INFO]: Done waiting for pending navigations. Status: ok
[1533979849.904][INFO]: RESPONSE TypeElement
[1533979849.908][INFO]: COMMAND TypeElement {
   "id": "0.19411304001753527-16",
   "value": [ "" ]
}
[1533979849.908][INFO]: Waiting for pending navigations...
[1533979849.909][INFO]: Done waiting for pending navigations. Status: ok
[1533979849.927][INFO]: Waiting for pending navigations...
[1533979849.933][INFO]: Done waiting for pending navigations. Status: ok
[1533979849.933][INFO]: RESPONSE TypeElement
[1533979849.937][INFO]: COMMAND TypeElement {
   "id": "0.19411304001753527-16",
   "value": [ "" ]
}
[1533979849.937][INFO]: Waiting for pending navigations...
[1533979849.939][INFO]: Done waiting for pending navigations. Status: ok
[1533979849.959][INFO]: Waiting for pending navigations...
[1533979849.966][INFO]: Done waiting for pending navigations. Status: ok
[1533979849.966][INFO]: RESPONSE TypeElement
[1533979849.971][INFO]: COMMAND TypeElement {
   "id": "0.19411304001753527-16",
   "value": [ "" ]
}
[1533979849.971][INFO]: Waiting for pending navigations...
[1533979849.972][INFO]: Done waiting for pending navigations. Status: ok
[1533979849.991][INFO]: Waiting for pending navigations...
[1533979849.998][INFO]: Done waiting for pending navigations. Status: ok
[1533979849.998][INFO]: RESPONSE TypeElement
[1533979850.002][INFO]: COMMAND TypeElement {
   "id": "0.19411304001753527-16",
   "value": [ "" ]
}
[1533979850.002][INFO]: Waiting for pending navigations...
[1533979850.003][INFO]: Done waiting for pending navigations. Status: ok
[1533979850.023][INFO]: Waiting for pending navigations...
[1533979850.024][INFO]: Done waiting for pending navigations. Status: ok
[1533979850.024][INFO]: RESPONSE TypeElement
[1533979850.028][INFO]: COMMAND TypeElement {
   "id": "0.19411304001753527-16",
   "value": [ "" ]
}
[1533979850.028][INFO]: Waiting for pending navigations...
[1533979850.029][INFO]: Done waiting for pending navigations. Status: ok
[1533979850.056][INFO]: Waiting for pending navigations...
[1533979850.065][INFO]: Done waiting for pending navigations. Status: ok
[1533979850.065][INFO]: RESPONSE TypeElement
[1533979850.070][INFO]: COMMAND TypeElement {
   "id": "0.19411304001753527-16",
   "value": [ "" ]
}
[1533979850.070][INFO]: Waiting for pending navigations...
[1533979850.071][INFO]: Done waiting for pending navigations. Status: ok
[1533979850.091][INFO]: Waiting for pending navigations...
[1533979850.092][INFO]: Done waiting for pending navigations. Status: ok
[1533979850.092][INFO]: RESPONSE TypeElement
[1533979850.096][INFO]: COMMAND TypeElement {
   "id": "0.19411304001753527-16",
   "value": [ "" ]
}
[1533979850.096][INFO]: Waiting for pending navigations...
[1533979850.097][INFO]: Done waiting for pending navigations. Status: ok
[1533979850.127][INFO]: Waiting for pending navigations...
[1533979850.134][INFO]: Done waiting for pending navigations. Status: ok
[1533979850.134][INFO]: RESPONSE TypeElement
[1533979850.141][INFO]: COMMAND TypeElement {
   "id": "0.19411304001753527-16",
   "value": [ "" ]
}
[1533979850.141][INFO]: Waiting for pending navigations...
[1533979850.142][INFO]: Done waiting for pending navigations. Status: ok
[1533979850.187][INFO]: Waiting for pending navigations...
[1533979850.188][INFO]: Done waiting for pending navigations. Status: ok
[1533979850.188][INFO]: RESPONSE TypeElement
[1533979850.191][INFO]: COMMAND GetWindow {

}
[1533979850.191][INFO]: RESPONSE GetWindow "CDwindow-08EA0B0C39E3611239D40841FF7AB975"
[1533979850.194][INFO]: COMMAND FindElement {
   "using": "xpath",
   "value": "(.//*[normalize-space(text()) and normalize-space(.)='лучшие онлайн предложения!'])[1]/following::button[1]"
}
[1533979850.194][INFO]: Waiting for pending navigations...
[1533979850.195][INFO]: Done waiting for pending navigations. Status: ok
[1533979850.217][INFO]: Waiting for pending navigations...
[1533979850.218][INFO]: Done waiting for pending navigations. Status: ok
[1533979850.218][INFO]: RESPONSE FindElement {
   "ELEMENT": "0.19411304001753527-17"
}
[1533979850.223][INFO]: COMMAND ClickElement {
   "id": "0.19411304001753527-17"
}
[1533979850.223][INFO]: Waiting for pending navigations...
[1533979850.224][INFO]: Done waiting for pending navigations. Status: ok
[1533979850.306][INFO]: Waiting for pending navigations...
[1533979850.447][INFO]: Done waiting for pending navigations. Status: ok
[1533979850.447][INFO]: RESPONSE ClickElement
[1533979852.451][INFO]: COMMAND GetWindows {

}
[1533979852.453][INFO]: RESPONSE GetWindows [ "CDwindow-08EA0B0C39E3611239D40841FF7AB975", "CDwindow-05738460052BEA18B3A17A0CF63BFC05" ]
[1533979852.465][INFO]: COMMAND SwitchToWindow {
   "name": "CDwindow-05738460052BEA18B3A17A0CF63BFC05"
}
[1533979852.469][INFO]: RESPONSE SwitchToWindow
[1533979854.476][INFO]: COMMAND FindElement {
   "using": "xpath",
   "value": "//div[4]/button"
}
[1533979854.476][INFO]: resolved localhost to ["::1","127.0.0.1"]
[1533979855.758][INFO]: Waiting for pending navigations...
[1533979855.978][INFO]: Done waiting for pending navigations. Status: ok
[1533979856.030][INFO]: Waiting for pending navigations...
[1533979856.035][INFO]: Done waiting for pending navigations. Status: ok
[1533979856.035][INFO]: RESPONSE FindElement {
   "ELEMENT": "0.7434629059405546-1"
}
[1533979856.040][INFO]: COMMAND ClickElement {
   "id": "0.7434629059405546-1"
}
[1533979856.040][INFO]: Waiting for pending navigations...
[1533979856.042][INFO]: Done waiting for pending navigations. Status: ok
[1533979856.256][INFO]: Waiting for pending navigations...
[1533979859.660][INFO]: Done waiting for pending navigations. Status: ok
[1533979859.660][INFO]: RESPONSE ClickElement
[1533979862.663][INFO]: COMMAND Screenshot {

}
[1533979862.681][INFO]: Waiting for pending navigations...
[1533979863.845][INFO]: Done waiting for pending navigations. Status: ok
[1533979864.195][INFO]: Waiting for pending navigations...
[1533979864.197][INFO]: Done waiting for pending navigations. Status: ok
[1533979864.197][INFO]: RESPONSE Screenshot "iVBORw0KGgoAAAANSUhEUgAABpAAAAOECAYAAACmXHLrAAAgAElEQVR4nOzde1hU16H38S8ODl5ADGgcNAFNVQxKjhaKYrAoNl6iIa2XpmrSaJpXT3swN9KmMX2i5lRN25BetD1vOGk1TZVc1PRFTdA2RBoiCYFqQzRBqQItQuQScUaUkcv7x8zADMwgKDf193ken..."
[1533979864.232][INFO]: COMMAND FindElement {
   "using": "xpath",
   "value": "(.//*[normalize-space(text()) and normalize-space(.)='Дата заезда:'])[1]/following::span[1]"
}
[1533979864.232][INFO]: Waiting for pending navigations...
[1533979864.233][INFO]: Done waiting for pending navigations. Status: ok
[1533979864.257][INFO]: Waiting for pending navigations...
[1533979864.258][INFO]: Done waiting for pending navigations. Status: ok
[1533979864.258][INFO]: RESPONSE FindElement {
   "ELEMENT": "0.6933061913080345-1"
}
[1533979864.260][INFO]: COMMAND GetElementText {
   "id": "0.6933061913080345-1"
}
[1533979864.261][INFO]: Waiting for pending navigations...
[1533979864.261][INFO]: Done waiting for pending navigations. Status: ok
[1533979864.279][INFO]: Waiting for pending navigations...
[1533979864.279][INFO]: Done waiting for pending navigations. Status: ok
[1533979864.279][INFO]: RESPONSE GetElementText "2019-01-24"
[1533979864.282][INFO]: COMMAND FindElement {
   "using": "xpath",
   "value": "//div[@id='container']/div[3]/div/div/div[3]/div/div[2]/span[2]"
}
[1533979864.282][INFO]: Waiting for pending navigations...
[1533979864.283][INFO]: Done waiting for pending navigations. Status: ok
[1533979864.296][INFO]: Waiting for pending navigations...
[1533979864.297][INFO]: Done waiting for pending navigations. Status: ok
[1533979864.297][INFO]: RESPONSE FindElement {
   "ELEMENT": "0.6933061913080345-2"
}
[1533979864.299][INFO]: COMMAND GetElementText {
   "id": "0.6933061913080345-2"
}
[1533979864.299][INFO]: Waiting for pending navigations...
[1533979864.300][INFO]: Done waiting for pending navigations. Status: ok
[1533979864.322][INFO]: Waiting for pending navigations...
[1533979864.322][INFO]: Done waiting for pending navigations. Status: ok
[1533979864.323][INFO]: RESPONSE GetElementText "2019-01-25"
[1533979864.327][INFO]: COMMAND FindElement {
   "using": "xpath",
   "value": "//div[@id='container']/div[3]/div/div/div[3]/div[2]/div/span[2]"
}
[1533979864.327][INFO]: Waiting for pending navigations...
[1533979864.328][INFO]: Done waiting for pending navigations. Status: ok
[1533979864.342][INFO]: Waiting for pending navigations...
[1533979864.344][INFO]: Done waiting for pending navigations. Status: ok
[1533979864.344][INFO]: RESPONSE FindElement {
   "ELEMENT": "0.6933061913080345-3"
}
[1533979864.346][INFO]: COMMAND GetElementText {
   "id": "0.6933061913080345-3"
}
[1533979864.346][INFO]: Waiting for pending navigations...
[1533979864.347][INFO]: Done waiting for pending navigations. Status: ok
[1533979864.363][INFO]: Waiting for pending navigations...
[1533979864.364][INFO]: Done waiting for pending navigations. Status: ok
[1533979864.364][INFO]: RESPONSE GetElementText "3 Взрослых,\n2 Детей"
[1533979864.367][INFO]: COMMAND GetLog {
   "type": "browser"
}
[1533979864.368][INFO]: RESPONSE GetLog [ {
   "level": "INFO",
   "message": "https://s.bookcdn.com/build/packs/js/base-0b42473479.pack.js 0:289014 \"carouFredSel: No element found for \\\".js-nh-slider\\\".\"",
   "source": "console-api",
   "timestamp": 1533979855700.0
}, {
   "level": "INFO",
   "message": "https://s.bookcdn.com/build/packs/js/main-ng-c7cf7b3eca.pack.js 0:36810 \"http://knickerbocker-hotel-new-york.nochi.com/\"",
   "source": "console-api",
   "timestamp": 1533979855700.0
}, {
   "level": "INFO",
   "message": "https://s.bookcdn.com/build/packs/js/main-ng-c7cf7b3eca.pack.js 0:36810 \"http://knickerbocker-hotel-new-york.nochi.com/\"",
   "source": "console-api",
   "timestamp": 1533979855701.0
}, {
   "level": "INFO",
   "message": "https://s.bookcdn.com/build/packs/js/main-ng-c7cf7b3eca.pack.js 0:36810 \"http://knickerbocker-hotel-new-york.nochi.com/\"",
   "source": "console-api",
   "timestamp": 1533979855701.0
}, {
   "level": "INFO",
   "message": "https://s.bookcdn.com/build/packs/js/main-ng-c7cf7b3eca.pack.js 0:36810 \"http://knickerbocker-hotel-new-york.nochi.com/\"",
   "source": "console-api",
   "timestamp": 1533979855701.0
}, {
   "level": "INFO",
   "message": "https://s.bookcdn.com/build/packs/js/main-ng-c7cf7b3eca.pack.js 0:36810 \"http://knickerbocker-hotel-new-york.nochi.com/\"",
   "source": "console-api",
   "timestamp": 1533979856218.0
}, {
   "level": "INFO",
   "message": "https://s.bookcdn.com/build/packs/js/main-ng-c7cf7b3eca.pack.js 0:36810 \"http://knickerbocker-hotel-new-york.nochi.com/\"",
   "source": "console-api",
   "timestamp": 1533979856244.0
} ]
